04-Oct-2022 11:02:52.214 INFO [main] org.apache.catalina.startup.VersionLoggerListener.log 서버 버전 이름:    Apache Tomcat/9.0.67
04-Oct-2022 11:02:52.245 INFO [main] org.apache.catalina.startup.VersionLoggerListener.log Server 빌드 시각:  Sep 23 2022 11:22:29 UTC
04-Oct-2022 11:02:52.245 INFO [main] org.apache.catalina.startup.VersionLoggerListener.log Server 버전 번호:  9.0.67.0
04-Oct-2022 11:02:52.245 INFO [main] org.apache.catalina.startup.VersionLoggerListener.log 운영체제 이름:     Windows 11
04-Oct-2022 11:02:52.246 INFO [main] org.apache.catalina.startup.VersionLoggerListener.log 운영체제 버전:     10.0
04-Oct-2022 11:02:52.246 INFO [main] org.apache.catalina.startup.VersionLoggerListener.log 아키텍처:          amd64
04-Oct-2022 11:02:52.246 INFO [main] org.apache.catalina.startup.VersionLoggerListener.log 자바 홈:           C:\Program Files\Java\jdk-17.0.4.1
04-Oct-2022 11:02:52.246 INFO [main] org.apache.catalina.startup.VersionLoggerListener.log JVM 버전:          17.0.4.1+1-LTS-2
04-Oct-2022 11:02:52.246 INFO [main] org.apache.catalina.startup.VersionLoggerListener.log JVM 벤더:          Oracle Corporation
04-Oct-2022 11:02:52.247 INFO [main] org.apache.catalina.startup.VersionLoggerListener.log CATALINA_BASE:     D:\Java202207\apache-tomcat-9.0.67
04-Oct-2022 11:02:52.247 INFO [main] org.apache.catalina.startup.VersionLoggerListener.log CATALINA_HOME:     D:\Java202207\apache-tomcat-9.0.67
04-Oct-2022 11:02:52.247 INFO [main] org.apache.catalina.startup.VersionLoggerListener.log 명령 행 아규먼트:  --add-opens=java.base/java.lang=ALL-UNNAMED
04-Oct-2022 11:02:52.248 INFO [main] org.apache.catalina.startup.VersionLoggerListener.log 명령 행 아규먼트:  --add-opens=java.base/java.io=ALL-UNNAMED
04-Oct-2022 11:02:52.249 INFO [main] org.apache.catalina.startup.VersionLoggerListener.log 명령 행 아규먼트:  --add-opens=java.base/java.util=ALL-UNNAMED
04-Oct-2022 11:02:52.251 INFO [main] org.apache.catalina.startup.VersionLoggerListener.log 명령 행 아규먼트:  --add-opens=java.base/java.util.concurrent=ALL-UNNAMED
04-Oct-2022 11:02:52.254 INFO [main] org.apache.catalina.startup.VersionLoggerListener.log 명령 행 아규먼트:  --add-opens=java.rmi/sun.rmi.transport=ALL-UNNAMED
04-Oct-2022 11:02:52.255 INFO [main] org.apache.catalina.startup.VersionLoggerListener.log 명령 행 아규먼트:  -Djava.util.logging.config.file=D:\Java202207\apache-tomcat-9.0.67\conf\logging.properties
04-Oct-2022 11:02:52.289 INFO [main] org.apache.catalina.startup.VersionLoggerListener.log 명령 행 아규먼트:  -Djava.util.logging.manager=org.apache.juli.ClassLoaderLogManager
04-Oct-2022 11:02:52.291 INFO [main] org.apache.catalina.startup.VersionLoggerListener.log 명령 행 아규먼트:  -Djdk.tls.ephemeralDHKeySize=2048
04-Oct-2022 11:02:52.292 INFO [main] org.apache.catalina.startup.VersionLoggerListener.log 명령 행 아규먼트:  -Djava.protocol.handler.pkgs=org.apache.catalina.webresources
04-Oct-2022 11:02:52.293 INFO [main] org.apache.catalina.startup.VersionLoggerListener.log 명령 행 아규먼트:  -Dignore.endorsed.dirs=
04-Oct-2022 11:02:52.294 INFO [main] org.apache.catalina.startup.VersionLoggerListener.log 명령 행 아규먼트:  -Dcatalina.base=D:\Java202207\apache-tomcat-9.0.67
04-Oct-2022 11:02:52.295 INFO [main] org.apache.catalina.startup.VersionLoggerListener.log 명령 행 아규먼트:  -Dcatalina.home=D:\Java202207\apache-tomcat-9.0.67
04-Oct-2022 11:02:52.297 INFO [main] org.apache.catalina.startup.VersionLoggerListener.log 명령 행 아규먼트:  -Djava.io.tmpdir=D:\Java202207\apache-tomcat-9.0.67\temp
04-Oct-2022 11:02:52.304 INFO [main] org.apache.catalina.core.AprLifecycleListener.lifecycleEvent 프로덕션 환경들에서 최적의 성능을 제공하는, APR 기반 Apache Tomcat Native 라이브러리가, 다음 java.library.path에서 발견되지 않습니다: [C:\Program Files\Java\jdk-17.0.4.1\bin;C:\WINDOWS\Sun\Java\bin;C:\WINDOWS\system32;C:\WINDOWS;C:\Program Files (x86)\VMware\VMware Workstation\bin\;C:\Program Files\Common Files\Oracle\Java\javapath;C:\oraclexe\app\oracle\product\11.2.0\server\bin;C:\app\Admin\product\18.0.0\dbhomeXE\bin;C:\WINDOWS\system32;C:\WINDOWS;C:\WINDOWS\System32\Wbem;C:\WINDOWS\System32\WindowsPowerShell\v1.0\;C:\WINDOWS\System32\OpenSSH\;C:\Program Files\Bandizip\;C:\Program Files\Git\cmd;C:\Program Files\dotnet\;C:\Program Files\Java\jdk-17.0.4.1\bin;C:\ProgramData\chocolatey\bin;C:\Program Files\nodejs\;C:\Users\Admin\AppData\Local\Microsoft\WindowsApps;;C:\Users\Admin\AppData\Local\Programs\Microsoft VS Code\bin;C:\Users\Admin\AppData\Roaming\npm;.]
04-Oct-2022 11:02:52.561 INFO [main] org.apache.coyote.AbstractProtocol.init 프로토콜 핸들러 ["http-nio-8080"]을(를) 초기화합니다.
04-Oct-2022 11:02:52.610 SEVERE [main] org.apache.catalina.util.LifecycleBase.handleSubClassException 구성요소 [Connector[HTTP/1.1-8080]]을(를) 초기화하지 못했습니다.
	org.apache.catalina.LifecycleException: 프로토콜 핸들러 초기화가 실패했습니다.
		at org.apache.catalina.connector.Connector.initInternal(Connector.java:1051)
		at org.apache.catalina.util.LifecycleBase.init(LifecycleBase.java:136)
		at org.apache.catalina.core.StandardService.initInternal(StandardService.java:556)
		at org.apache.catalina.util.LifecycleBase.init(LifecycleBase.java:136)
		at org.apache.catalina.core.StandardServer.initInternal(StandardServer.java:1045)
		at org.apache.catalina.util.LifecycleBase.init(LifecycleBase.java:136)
		at org.apache.catalina.startup.Catalina.load(Catalina.java:724)
		at org.apache.catalina.startup.Catalina.load(Catalina.java:746)
		at java.base/jdk.internal.reflect.NativeMethodAccessorImpl.invoke0(Native Method)
		at java.base/jdk.internal.reflect.NativeMethodAccessorImpl.invoke(NativeMethodAccessorImpl.java:77)
		at java.base/jdk.internal.reflect.DelegatingMethodAccessorImpl.invoke(DelegatingMethodAccessorImpl.java:43)
		at java.base/java.lang.reflect.Method.invoke(Method.java:568)
		at org.apache.catalina.startup.Bootstrap.load(Bootstrap.java:305)
		at org.apache.catalina.startup.Bootstrap.main(Bootstrap.java:475)
	Caused by: java.net.BindException: Address already in use: bind
		at java.base/sun.nio.ch.Net.bind0(Native Method)
		at java.base/sun.nio.ch.Net.bind(Net.java:555)
		at java.base/sun.nio.ch.ServerSocketChannelImpl.netBind(ServerSocketChannelImpl.java:337)
		at java.base/sun.nio.ch.ServerSocketChannelImpl.bind(ServerSocketChannelImpl.java:294)
		at org.apache.tomcat.util.net.NioEndpoint.initServerSocket(NioEndpoint.java:275)
		at org.apache.tomcat.util.net.NioEndpoint.bind(NioEndpoint.java:230)
		at org.apache.tomcat.util.net.AbstractEndpoint.bindWithCleanup(AbstractEndpoint.java:1227)
		at org.apache.tomcat.util.net.AbstractEndpoint.init(AbstractEndpoint.java:1240)
		at org.apache.coyote.AbstractProtocol.init(AbstractProtocol.java:606)
		at org.apache.coyote.http11.AbstractHttp11Protocol.init(AbstractHttp11Protocol.java:77)
		at org.apache.catalina.connector.Connector.initInternal(Connector.java:1048)
		... 13 more
04-Oct-2022 11:02:52.622 INFO [main] org.apache.catalina.startup.Catalina.load [628] 밀리초 내에 서버가 초기화되었습니다.
04-Oct-2022 11:02:52.685 INFO [main] org.apache.catalina.core.StandardService.startInternal 서비스 [Catalina]을(를) 시작합니다.
04-Oct-2022 11:02:52.694 INFO [main] org.apache.catalina.core.StandardEngine.startInternal 서버 엔진을 시작합니다: [Apache Tomcat/9.0.67]
04-Oct-2022 11:02:52.703 INFO [main] org.apache.catalina.startup.HostConfig.deployDirectory 웹 애플리케이션 디렉토리 [D:\Java202207\apache-tomcat-9.0.67\webapps\docs]을(를) 배치합니다.
04-Oct-2022 11:02:53.048 INFO [main] org.apache.catalina.startup.HostConfig.deployDirectory 웹 애플리케이션 디렉토리 [D:\Java202207\apache-tomcat-9.0.67\webapps\docs]에 대한 배치가 [340] 밀리초에 완료되었습니다.
04-Oct-2022 11:02:53.059 INFO [main] org.apache.catalina.startup.HostConfig.deployDirectory 웹 애플리케이션 디렉토리 [D:\Java202207\apache-tomcat-9.0.67\webapps\examples]을(를) 배치합니다.
04-Oct-2022 11:02:53.541 INFO [main] org.apache.catalina.startup.HostConfig.deployDirectory 웹 애플리케이션 디렉토리 [D:\Java202207\apache-tomcat-9.0.67\webapps\examples]에 대한 배치가 [483] 밀리초에 완료되었습니다.
04-Oct-2022 11:02:53.546 INFO [main] org.apache.catalina.startup.HostConfig.deployDirectory 웹 애플리케이션 디렉토리 [D:\Java202207\apache-tomcat-9.0.67\webapps\host-manager]을(를) 배치합니다.
04-Oct-2022 11:02:53.587 INFO [main] org.apache.catalina.startup.HostConfig.deployDirectory 웹 애플리케이션 디렉토리 [D:\Java202207\apache-tomcat-9.0.67\webapps\host-manager]에 대한 배치가 [41] 밀리초에 완료되었습니다.
04-Oct-2022 11:02:53.594 INFO [main] org.apache.catalina.startup.HostConfig.deployDirectory 웹 애플리케이션 디렉토리 [D:\Java202207\apache-tomcat-9.0.67\webapps\manager]을(를) 배치합니다.
04-Oct-2022 11:02:53.623 INFO [main] org.apache.catalina.startup.HostConfig.deployDirectory 웹 애플리케이션 디렉토리 [D:\Java202207\apache-tomcat-9.0.67\webapps\manager]에 대한 배치가 [28] 밀리초에 완료되었습니다.
04-Oct-2022 11:02:53.626 INFO [main] org.apache.catalina.startup.HostConfig.deployDirectory 웹 애플리케이션 디렉토리 [D:\Java202207\apache-tomcat-9.0.67\webapps\ROOT]을(를) 배치합니다.
04-Oct-2022 11:02:53.651 INFO [main] org.apache.catalina.startup.HostConfig.deployDirectory 웹 애플리케이션 디렉토리 [D:\Java202207\apache-tomcat-9.0.67\webapps\ROOT]에 대한 배치가 [25] 밀리초에 완료되었습니다.
04-Oct-2022 11:02:53.660 INFO [main] org.apache.catalina.startup.Catalina.start 서버가 [1034] 밀리초 내에 시작되었습니다.
04-Oct-2022 11:15:07.156 INFO [main] org.apache.catalina.startup.VersionLoggerListener.log 서버 버전 이름:    Apache Tomcat/9.0.67
04-Oct-2022 11:15:07.164 INFO [main] org.apache.catalina.startup.VersionLoggerListener.log Server 빌드 시각:  Sep 23 2022 11:22:29 UTC
04-Oct-2022 11:15:07.165 INFO [main] org.apache.catalina.startup.VersionLoggerListener.log Server 버전 번호:  9.0.67.0
04-Oct-2022 11:15:07.165 INFO [main] org.apache.catalina.startup.VersionLoggerListener.log 운영체제 이름:     Windows 11
04-Oct-2022 11:15:07.166 INFO [main] org.apache.catalina.startup.VersionLoggerListener.log 운영체제 버전:     10.0
04-Oct-2022 11:15:07.166 INFO [main] org.apache.catalina.startup.VersionLoggerListener.log 아키텍처:          amd64
04-Oct-2022 11:15:07.166 INFO [main] org.apache.catalina.startup.VersionLoggerListener.log 자바 홈:           C:\Program Files\Java\jdk-17.0.4.1
04-Oct-2022 11:15:07.167 INFO [main] org.apache.catalina.startup.VersionLoggerListener.log JVM 버전:          17.0.4.1+1-LTS-2
04-Oct-2022 11:15:07.167 INFO [main] org.apache.catalina.startup.VersionLoggerListener.log JVM 벤더:          Oracle Corporation
04-Oct-2022 11:15:07.167 INFO [main] org.apache.catalina.startup.VersionLoggerListener.log CATALINA_BASE:     D:\Java202207\apache-tomcat-9.0.67
04-Oct-2022 11:15:07.167 INFO [main] org.apache.catalina.startup.VersionLoggerListener.log CATALINA_HOME:     D:\Java202207\apache-tomcat-9.0.67
04-Oct-2022 11:15:07.174 INFO [main] org.apache.catalina.startup.VersionLoggerListener.log 명령 행 아규먼트:  --add-opens=java.base/java.lang=ALL-UNNAMED
04-Oct-2022 11:15:07.176 INFO [main] org.apache.catalina.startup.VersionLoggerListener.log 명령 행 아규먼트:  --add-opens=java.base/java.io=ALL-UNNAMED
04-Oct-2022 11:15:07.178 INFO [main] org.apache.catalina.startup.VersionLoggerListener.log 명령 행 아규먼트:  --add-opens=java.base/java.util=ALL-UNNAMED
04-Oct-2022 11:15:07.179 INFO [main] org.apache.catalina.startup.VersionLoggerListener.log 명령 행 아규먼트:  --add-opens=java.base/java.util.concurrent=ALL-UNNAMED
04-Oct-2022 11:15:07.180 INFO [main] org.apache.catalina.startup.VersionLoggerListener.log 명령 행 아규먼트:  --add-opens=java.rmi/sun.rmi.transport=ALL-UNNAMED
04-Oct-2022 11:15:07.182 INFO [main] org.apache.catalina.startup.VersionLoggerListener.log 명령 행 아규먼트:  -Djava.util.logging.config.file=D:\Java202207\apache-tomcat-9.0.67\conf\logging.properties
04-Oct-2022 11:15:07.183 INFO [main] org.apache.catalina.startup.VersionLoggerListener.log 명령 행 아규먼트:  -Djava.util.logging.manager=org.apache.juli.ClassLoaderLogManager
04-Oct-2022 11:15:07.184 INFO [main] org.apache.catalina.startup.VersionLoggerListener.log 명령 행 아규먼트:  -Djdk.tls.ephemeralDHKeySize=2048
04-Oct-2022 11:15:07.185 INFO [main] org.apache.catalina.startup.VersionLoggerListener.log 명령 행 아규먼트:  -Djava.protocol.handler.pkgs=org.apache.catalina.webresources
04-Oct-2022 11:15:07.192 INFO [main] org.apache.catalina.startup.VersionLoggerListener.log 명령 행 아규먼트:  -Dignore.endorsed.dirs=
04-Oct-2022 11:15:07.194 INFO [main] org.apache.catalina.startup.VersionLoggerListener.log 명령 행 아규먼트:  -Dcatalina.base=D:\Java202207\apache-tomcat-9.0.67
04-Oct-2022 11:15:07.197 INFO [main] org.apache.catalina.startup.VersionLoggerListener.log 명령 행 아규먼트:  -Dcatalina.home=D:\Java202207\apache-tomcat-9.0.67
04-Oct-2022 11:15:07.198 INFO [main] org.apache.catalina.startup.VersionLoggerListener.log 명령 행 아규먼트:  -Djava.io.tmpdir=D:\Java202207\apache-tomcat-9.0.67\temp
04-Oct-2022 11:15:07.204 INFO [main] org.apache.catalina.core.AprLifecycleListener.lifecycleEvent 프로덕션 환경들에서 최적의 성능을 제공하는, APR 기반 Apache Tomcat Native 라이브러리가, 다음 java.library.path에서 발견되지 않습니다: [C:\Program Files\Java\jdk-17.0.4.1\bin;C:\WINDOWS\Sun\Java\bin;C:\WINDOWS\system32;C:\WINDOWS;C:\Program Files (x86)\VMware\VMware Workstation\bin\;C:\Program Files\Common Files\Oracle\Java\javapath;C:\oraclexe\app\oracle\product\11.2.0\server\bin;C:\app\Admin\product\18.0.0\dbhomeXE\bin;C:\WINDOWS\system32;C:\WINDOWS;C:\WINDOWS\System32\Wbem;C:\WINDOWS\System32\WindowsPowerShell\v1.0\;C:\WINDOWS\System32\OpenSSH\;C:\Program Files\Bandizip\;C:\Program Files\Git\cmd;C:\Program Files\dotnet\;C:\Program Files\Java\jdk-17.0.4.1\bin;C:\ProgramData\chocolatey\bin;C:\Program Files\nodejs\;C:\Users\Admin\AppData\Local\Microsoft\WindowsApps;;C:\Users\Admin\AppData\Local\Programs\Microsoft VS Code\bin;C:\Users\Admin\AppData\Roaming\npm;.]
04-Oct-2022 11:15:07.450 INFO [main] org.apache.coyote.AbstractProtocol.init 프로토콜 핸들러 ["http-nio-9090"]을(를) 초기화합니다.
04-Oct-2022 11:15:07.502 INFO [main] org.apache.catalina.startup.Catalina.load [580] 밀리초 내에 서버가 초기화되었습니다.
04-Oct-2022 11:15:07.566 INFO [main] org.apache.catalina.core.StandardService.startInternal 서비스 [Catalina]을(를) 시작합니다.
04-Oct-2022 11:15:07.569 INFO [main] org.apache.catalina.core.StandardEngine.startInternal 서버 엔진을 시작합니다: [Apache Tomcat/9.0.67]
04-Oct-2022 11:15:07.585 INFO [main] org.apache.catalina.startup.HostConfig.deployDirectory 웹 애플리케이션 디렉토리 [D:\Java202207\apache-tomcat-9.0.67\webapps\docs]을(를) 배치합니다.
04-Oct-2022 11:15:07.985 INFO [main] org.apache.catalina.startup.HostConfig.deployDirectory 웹 애플리케이션 디렉토리 [D:\Java202207\apache-tomcat-9.0.67\webapps\docs]에 대한 배치가 [398] 밀리초에 완료되었습니다.
04-Oct-2022 11:15:07.990 INFO [main] org.apache.catalina.startup.HostConfig.deployDirectory 웹 애플리케이션 디렉토리 [D:\Java202207\apache-tomcat-9.0.67\webapps\examples]을(를) 배치합니다.
04-Oct-2022 11:15:08.358 INFO [main] org.apache.catalina.startup.HostConfig.deployDirectory 웹 애플리케이션 디렉토리 [D:\Java202207\apache-tomcat-9.0.67\webapps\examples]에 대한 배치가 [367] 밀리초에 완료되었습니다.
04-Oct-2022 11:15:08.363 INFO [main] org.apache.catalina.startup.HostConfig.deployDirectory 웹 애플리케이션 디렉토리 [D:\Java202207\apache-tomcat-9.0.67\webapps\host-manager]을(를) 배치합니다.
04-Oct-2022 11:15:08.401 INFO [main] org.apache.catalina.startup.HostConfig.deployDirectory 웹 애플리케이션 디렉토리 [D:\Java202207\apache-tomcat-9.0.67\webapps\host-manager]에 대한 배치가 [38] 밀리초에 완료되었습니다.
04-Oct-2022 11:15:08.409 INFO [main] org.apache.catalina.startup.HostConfig.deployDirectory 웹 애플리케이션 디렉토리 [D:\Java202207\apache-tomcat-9.0.67\webapps\manager]을(를) 배치합니다.
04-Oct-2022 11:15:08.451 INFO [main] org.apache.catalina.startup.HostConfig.deployDirectory 웹 애플리케이션 디렉토리 [D:\Java202207\apache-tomcat-9.0.67\webapps\manager]에 대한 배치가 [42] 밀리초에 완료되었습니다.
04-Oct-2022 11:15:08.456 INFO [main] org.apache.catalina.startup.HostConfig.deployDirectory 웹 애플리케이션 디렉토리 [D:\Java202207\apache-tomcat-9.0.67\webapps\ROOT]을(를) 배치합니다.
04-Oct-2022 11:15:08.481 INFO [main] org.apache.catalina.startup.HostConfig.deployDirectory 웹 애플리케이션 디렉토리 [D:\Java202207\apache-tomcat-9.0.67\webapps\ROOT]에 대한 배치가 [26] 밀리초에 완료되었습니다.
04-Oct-2022 11:15:08.489 INFO [main] org.apache.coyote.AbstractProtocol.start 프로토콜 핸들러 ["http-nio-9090"]을(를) 시작합니다.
04-Oct-2022 11:15:08.568 INFO [main] org.apache.catalina.startup.Catalina.start 서버가 [1060] 밀리초 내에 시작되었습니다.
04-Oct-2022 11:43:41.665 INFO [main] org.apache.catalina.startup.VersionLoggerListener.log 서버 버전 이름:    Apache Tomcat/9.0.67
04-Oct-2022 11:43:41.673 INFO [main] org.apache.catalina.startup.VersionLoggerListener.log Server 빌드 시각:  Sep 23 2022 11:22:29 UTC
04-Oct-2022 11:43:41.673 INFO [main] org.apache.catalina.startup.VersionLoggerListener.log Server 버전 번호:  9.0.67.0
04-Oct-2022 11:43:41.673 INFO [main] org.apache.catalina.startup.VersionLoggerListener.log 운영체제 이름:     Windows 11
04-Oct-2022 11:43:41.674 INFO [main] org.apache.catalina.startup.VersionLoggerListener.log 운영체제 버전:     10.0
04-Oct-2022 11:43:41.674 INFO [main] org.apache.catalina.startup.VersionLoggerListener.log 아키텍처:          amd64
04-Oct-2022 11:43:41.674 INFO [main] org.apache.catalina.startup.VersionLoggerListener.log 자바 홈:           C:\Program Files\Java\jdk-17.0.4.1
04-Oct-2022 11:43:41.675 INFO [main] org.apache.catalina.startup.VersionLoggerListener.log JVM 버전:          17.0.4.1+1-LTS-2
04-Oct-2022 11:43:41.675 INFO [main] org.apache.catalina.startup.VersionLoggerListener.log JVM 벤더:          Oracle Corporation
04-Oct-2022 11:43:41.675 INFO [main] org.apache.catalina.startup.VersionLoggerListener.log CATALINA_BASE:     D:\Java202207\apache-tomcat-9.0.67
04-Oct-2022 11:43:41.676 INFO [main] org.apache.catalina.startup.VersionLoggerListener.log CATALINA_HOME:     D:\Java202207\apache-tomcat-9.0.67
04-Oct-2022 11:43:41.681 INFO [main] org.apache.catalina.startup.VersionLoggerListener.log 명령 행 아규먼트:  --add-opens=java.base/java.lang=ALL-UNNAMED
04-Oct-2022 11:43:41.682 INFO [main] org.apache.catalina.startup.VersionLoggerListener.log 명령 행 아규먼트:  --add-opens=java.base/java.io=ALL-UNNAMED
04-Oct-2022 11:43:41.684 INFO [main] org.apache.catalina.startup.VersionLoggerListener.log 명령 행 아규먼트:  --add-opens=java.base/java.util=ALL-UNNAMED
04-Oct-2022 11:43:41.695 INFO [main] org.apache.catalina.startup.VersionLoggerListener.log 명령 행 아규먼트:  --add-opens=java.base/java.util.concurrent=ALL-UNNAMED
04-Oct-2022 11:43:41.697 INFO [main] org.apache.catalina.startup.VersionLoggerListener.log 명령 행 아규먼트:  --add-opens=java.rmi/sun.rmi.transport=ALL-UNNAMED
04-Oct-2022 11:43:41.700 INFO [main] org.apache.catalina.startup.VersionLoggerListener.log 명령 행 아규먼트:  -Djava.util.logging.config.file=D:\Java202207\apache-tomcat-9.0.67\conf\logging.properties
04-Oct-2022 11:43:41.702 INFO [main] org.apache.catalina.startup.VersionLoggerListener.log 명령 행 아규먼트:  -Djava.util.logging.manager=org.apache.juli.ClassLoaderLogManager
04-Oct-2022 11:43:41.703 INFO [main] org.apache.catalina.startup.VersionLoggerListener.log 명령 행 아규먼트:  -Djdk.tls.ephemeralDHKeySize=2048
04-Oct-2022 11:43:41.704 INFO [main] org.apache.catalina.startup.VersionLoggerListener.log 명령 행 아규먼트:  -Djava.protocol.handler.pkgs=org.apache.catalina.webresources
04-Oct-2022 11:43:41.705 INFO [main] org.apache.catalina.startup.VersionLoggerListener.log 명령 행 아규먼트:  -Dignore.endorsed.dirs=
04-Oct-2022 11:43:41.706 INFO [main] org.apache.catalina.startup.VersionLoggerListener.log 명령 행 아규먼트:  -Dcatalina.base=D:\Java202207\apache-tomcat-9.0.67
04-Oct-2022 11:43:41.707 INFO [main] org.apache.catalina.startup.VersionLoggerListener.log 명령 행 아규먼트:  -Dcatalina.home=D:\Java202207\apache-tomcat-9.0.67
04-Oct-2022 11:43:41.708 INFO [main] org.apache.catalina.startup.VersionLoggerListener.log 명령 행 아규먼트:  -Djava.io.tmpdir=D:\Java202207\apache-tomcat-9.0.67\temp
04-Oct-2022 11:43:41.715 INFO [main] org.apache.catalina.core.AprLifecycleListener.lifecycleEvent 프로덕션 환경들에서 최적의 성능을 제공하는, APR 기반 Apache Tomcat Native 라이브러리가, 다음 java.library.path에서 발견되지 않습니다: [C:\Program Files\Java\jdk-17.0.4.1\bin;C:\WINDOWS\Sun\Java\bin;C:\WINDOWS\system32;C:\WINDOWS;C:\Program Files (x86)\VMware\VMware Workstation\bin\;C:\Program Files\Common Files\Oracle\Java\javapath;C:\oraclexe\app\oracle\product\11.2.0\server\bin;C:\app\Admin\product\18.0.0\dbhomeXE\bin;C:\WINDOWS\system32;C:\WINDOWS;C:\WINDOWS\System32\Wbem;C:\WINDOWS\System32\WindowsPowerShell\v1.0\;C:\WINDOWS\System32\OpenSSH\;C:\Program Files\Bandizip\;C:\Program Files\Git\cmd;C:\Program Files\dotnet\;C:\Program Files\Java\jdk-17.0.4.1\bin;C:\ProgramData\chocolatey\bin;C:\Program Files\nodejs\;C:\Users\Admin\AppData\Local\Microsoft\WindowsApps;;C:\Users\Admin\AppData\Local\Programs\Microsoft VS Code\bin;C:\Users\Admin\AppData\Roaming\npm;.]
04-Oct-2022 11:43:41.982 INFO [main] org.apache.coyote.AbstractProtocol.init 프로토콜 핸들러 ["http-nio-9090"]을(를) 초기화합니다.
04-Oct-2022 11:43:42.017 INFO [main] org.apache.catalina.startup.Catalina.load [561] 밀리초 내에 서버가 초기화되었습니다.
04-Oct-2022 11:43:42.083 INFO [main] org.apache.catalina.core.StandardService.startInternal 서비스 [Catalina]을(를) 시작합니다.
04-Oct-2022 11:43:42.090 INFO [main] org.apache.catalina.core.StandardEngine.startInternal 서버 엔진을 시작합니다: [Apache Tomcat/9.0.67]
04-Oct-2022 11:43:42.101 INFO [main] org.apache.catalina.startup.HostConfig.deployDirectory 웹 애플리케이션 디렉토리 [D:\Java202207\apache-tomcat-9.0.67\webapps\docs]을(를) 배치합니다.
04-Oct-2022 11:43:42.464 INFO [main] org.apache.catalina.startup.HostConfig.deployDirectory 웹 애플리케이션 디렉토리 [D:\Java202207\apache-tomcat-9.0.67\webapps\docs]에 대한 배치가 [361] 밀리초에 완료되었습니다.
04-Oct-2022 11:43:42.470 INFO [main] org.apache.catalina.startup.HostConfig.deployDirectory 웹 애플리케이션 디렉토리 [D:\Java202207\apache-tomcat-9.0.67\webapps\examples]을(를) 배치합니다.
04-Oct-2022 11:43:42.780 INFO [main] org.apache.catalina.startup.HostConfig.deployDirectory 웹 애플리케이션 디렉토리 [D:\Java202207\apache-tomcat-9.0.67\webapps\examples]에 대한 배치가 [310] 밀리초에 완료되었습니다.
04-Oct-2022 11:43:42.786 INFO [main] org.apache.catalina.startup.HostConfig.deployDirectory 웹 애플리케이션 디렉토리 [D:\Java202207\apache-tomcat-9.0.67\webapps\host-manager]을(를) 배치합니다.
04-Oct-2022 11:43:42.822 INFO [main] org.apache.catalina.startup.HostConfig.deployDirectory 웹 애플리케이션 디렉토리 [D:\Java202207\apache-tomcat-9.0.67\webapps\host-manager]에 대한 배치가 [36] 밀리초에 완료되었습니다.
04-Oct-2022 11:43:42.825 INFO [main] org.apache.catalina.startup.HostConfig.deployDirectory 웹 애플리케이션 디렉토리 [D:\Java202207\apache-tomcat-9.0.67\webapps\manager]을(를) 배치합니다.
04-Oct-2022 11:43:42.854 INFO [main] org.apache.catalina.startup.HostConfig.deployDirectory 웹 애플리케이션 디렉토리 [D:\Java202207\apache-tomcat-9.0.67\webapps\manager]에 대한 배치가 [30] 밀리초에 완료되었습니다.
04-Oct-2022 11:43:42.859 INFO [main] org.apache.catalina.startup.HostConfig.deployDirectory 웹 애플리케이션 디렉토리 [D:\Java202207\apache-tomcat-9.0.67\webapps\ROOT]을(를) 배치합니다.
04-Oct-2022 11:43:42.883 INFO [main] org.apache.catalina.startup.HostConfig.deployDirectory 웹 애플리케이션 디렉토리 [D:\Java202207\apache-tomcat-9.0.67\webapps\ROOT]에 대한 배치가 [24] 밀리초에 완료되었습니다.
04-Oct-2022 11:43:42.888 INFO [main] org.apache.coyote.AbstractProtocol.start 프로토콜 핸들러 ["http-nio-9090"]을(를) 시작합니다.
04-Oct-2022 11:43:42.953 INFO [main] org.apache.catalina.startup.Catalina.start 서버가 [930] 밀리초 내에 시작되었습니다.
