30-Oct-2022 10:26:55.576 SEVERE [main] org.apache.catalina.startup.Catalina.stopServer [localhost:8005] (base 포트 [8005] 그리고 offset [0])와(과) 연결할 수 없었습니다. Tomcat이 실행 중이지 않을 수 있습니다.
30-Oct-2022 10:26:55.626 SEVERE [main] org.apache.catalina.startup.Catalina.stopServer Catalina를 중지시키는 중 오류 발생
	java.net.ConnectException: Connection refused: connect
		at java.base/sun.nio.ch.Net.connect0(Native Method)
		at java.base/sun.nio.ch.Net.connect(Net.java:579)
		at java.base/sun.nio.ch.Net.connect(Net.java:568)
		at java.base/sun.nio.ch.NioSocketImpl.connect(NioSocketImpl.java:588)
		at java.base/java.net.SocksSocketImpl.connect(SocksSocketImpl.java:327)
		at java.base/java.net.Socket.connect(Socket.java:633)
		at java.base/java.net.Socket.connect(Socket.java:583)
		at java.base/java.net.Socket.<init>(Socket.java:507)
		at java.base/java.net.Socket.<init>(Socket.java:287)
		at org.apache.catalina.startup.Catalina.stopServer(Catalina.java:667)
		at java.base/jdk.internal.reflect.NativeMethodAccessorImpl.invoke0(Native Method)
		at java.base/jdk.internal.reflect.NativeMethodAccessorImpl.invoke(NativeMethodAccessorImpl.java:77)
		at java.base/jdk.internal.reflect.DelegatingMethodAccessorImpl.invoke(DelegatingMethodAccessorImpl.java:43)
		at java.base/java.lang.reflect.Method.invoke(Method.java:568)
		at org.apache.catalina.startup.Bootstrap.stopServer(Bootstrap.java:391)
		at org.apache.catalina.startup.Bootstrap.main(Bootstrap.java:481)
30-Oct-2022 10:26:59.543 INFO [main] org.apache.catalina.startup.VersionLoggerListener.log 서버 버전 이름:    Apache Tomcat/9.0.67
30-Oct-2022 10:26:59.565 INFO [main] org.apache.catalina.startup.VersionLoggerListener.log Server 빌드 시각:  Sep 23 2022 11:22:29 UTC
30-Oct-2022 10:26:59.565 INFO [main] org.apache.catalina.startup.VersionLoggerListener.log Server 버전 번호:  9.0.67.0
30-Oct-2022 10:26:59.565 INFO [main] org.apache.catalina.startup.VersionLoggerListener.log 운영체제 이름:     Windows 11
30-Oct-2022 10:26:59.566 INFO [main] org.apache.catalina.startup.VersionLoggerListener.log 운영체제 버전:     10.0
30-Oct-2022 10:26:59.566 INFO [main] org.apache.catalina.startup.VersionLoggerListener.log 아키텍처:          amd64
30-Oct-2022 10:26:59.566 INFO [main] org.apache.catalina.startup.VersionLoggerListener.log 자바 홈:           C:\Program Files\Java\jdk-17.0.4.1
30-Oct-2022 10:26:59.566 INFO [main] org.apache.catalina.startup.VersionLoggerListener.log JVM 버전:          17.0.4.1+1-LTS-2
30-Oct-2022 10:26:59.566 INFO [main] org.apache.catalina.startup.VersionLoggerListener.log JVM 벤더:          Oracle Corporation
30-Oct-2022 10:26:59.566 INFO [main] org.apache.catalina.startup.VersionLoggerListener.log CATALINA_BASE:     D:\Java202207\apache-tomcat-9.0.67
30-Oct-2022 10:26:59.567 INFO [main] org.apache.catalina.startup.VersionLoggerListener.log CATALINA_HOME:     D:\Java202207\apache-tomcat-9.0.67
30-Oct-2022 10:26:59.567 INFO [main] org.apache.catalina.startup.VersionLoggerListener.log 명령 행 아규먼트:  --add-opens=java.base/java.lang=ALL-UNNAMED
30-Oct-2022 10:26:59.568 INFO [main] org.apache.catalina.startup.VersionLoggerListener.log 명령 행 아규먼트:  --add-opens=java.base/java.io=ALL-UNNAMED
30-Oct-2022 10:26:59.569 INFO [main] org.apache.catalina.startup.VersionLoggerListener.log 명령 행 아규먼트:  --add-opens=java.base/java.util=ALL-UNNAMED
30-Oct-2022 10:26:59.570 INFO [main] org.apache.catalina.startup.VersionLoggerListener.log 명령 행 아규먼트:  --add-opens=java.base/java.util.concurrent=ALL-UNNAMED
30-Oct-2022 10:26:59.570 INFO [main] org.apache.catalina.startup.VersionLoggerListener.log 명령 행 아규먼트:  --add-opens=java.rmi/sun.rmi.transport=ALL-UNNAMED
30-Oct-2022 10:26:59.571 INFO [main] org.apache.catalina.startup.VersionLoggerListener.log 명령 행 아규먼트:  -Djava.util.logging.config.file=D:\Java202207\apache-tomcat-9.0.67\conf\logging.properties
30-Oct-2022 10:26:59.571 INFO [main] org.apache.catalina.startup.VersionLoggerListener.log 명령 행 아규먼트:  -Djava.util.logging.manager=org.apache.juli.ClassLoaderLogManager
30-Oct-2022 10:26:59.572 INFO [main] org.apache.catalina.startup.VersionLoggerListener.log 명령 행 아규먼트:  -Djdk.tls.ephemeralDHKeySize=2048
30-Oct-2022 10:26:59.573 INFO [main] org.apache.catalina.startup.VersionLoggerListener.log 명령 행 아규먼트:  -Djava.protocol.handler.pkgs=org.apache.catalina.webresources
30-Oct-2022 10:26:59.573 INFO [main] org.apache.catalina.startup.VersionLoggerListener.log 명령 행 아규먼트:  -Dignore.endorsed.dirs=
30-Oct-2022 10:26:59.574 INFO [main] org.apache.catalina.startup.VersionLoggerListener.log 명령 행 아규먼트:  -Dcatalina.base=D:\Java202207\apache-tomcat-9.0.67
30-Oct-2022 10:26:59.576 INFO [main] org.apache.catalina.startup.VersionLoggerListener.log 명령 행 아규먼트:  -Dcatalina.home=D:\Java202207\apache-tomcat-9.0.67
30-Oct-2022 10:26:59.579 INFO [main] org.apache.catalina.startup.VersionLoggerListener.log 명령 행 아규먼트:  -Djava.io.tmpdir=D:\Java202207\apache-tomcat-9.0.67\temp
30-Oct-2022 10:26:59.583 INFO [main] org.apache.catalina.core.AprLifecycleListener.lifecycleEvent APR 버전 [1.7.0]을(를) 사용한, APR 기반 Apache Tomcat Native 라이브러리 [1.2.35]을(를) 로드했습니다.
30-Oct-2022 10:26:59.597 INFO [main] org.apache.catalina.core.AprLifecycleListener.lifecycleEvent APR 용량정보들: IPv6 [true], sendfile [true], accept filters [false], random [true], UDS [true].
30-Oct-2022 10:26:59.597 INFO [main] org.apache.catalina.core.AprLifecycleListener.lifecycleEvent APR/OpenSSL 설정: useAprConnector [false], useOpenSSL [true]
30-Oct-2022 10:26:59.601 INFO [main] org.apache.catalina.core.AprLifecycleListener.initializeSSL OpenSSL이 성공적으로 초기화되었습니다: [OpenSSL 1.1.1q  5 Jul 2022]
30-Oct-2022 10:26:59.814 INFO [main] org.apache.coyote.AbstractProtocol.init 프로토콜 핸들러 ["http-nio-0.0.0.0-9090"]을(를) 초기화합니다.
30-Oct-2022 10:26:59.847 INFO [main] org.apache.catalina.startup.Catalina.load [501] 밀리초 내에 서버가 초기화되었습니다.
30-Oct-2022 10:26:59.896 INFO [main] org.apache.catalina.core.StandardService.startInternal 서비스 [Catalina]을(를) 시작합니다.
30-Oct-2022 10:26:59.908 INFO [main] org.apache.catalina.core.StandardEngine.startInternal 서버 엔진을 시작합니다: [Apache Tomcat/9.0.67]
30-Oct-2022 10:26:59.915 INFO [main] org.apache.catalina.startup.HostConfig.deployDirectory 웹 애플리케이션 디렉토리 [D:\Java202207\apache-tomcat-9.0.67\webapps\docs]을(를) 배치합니다.
30-Oct-2022 10:27:00.237 INFO [main] org.apache.catalina.startup.HostConfig.deployDirectory 웹 애플리케이션 디렉토리 [D:\Java202207\apache-tomcat-9.0.67\webapps\docs]에 대한 배치가 [320] 밀리초에 완료되었습니다.
30-Oct-2022 10:27:00.247 INFO [main] org.apache.catalina.startup.HostConfig.deployDirectory 웹 애플리케이션 디렉토리 [D:\Java202207\apache-tomcat-9.0.67\webapps\examples]을(를) 배치합니다.
30-Oct-2022 10:27:00.692 INFO [main] org.apache.catalina.startup.HostConfig.deployDirectory 웹 애플리케이션 디렉토리 [D:\Java202207\apache-tomcat-9.0.67\webapps\examples]에 대한 배치가 [444] 밀리초에 완료되었습니다.
30-Oct-2022 10:27:00.694 INFO [main] org.apache.catalina.startup.HostConfig.deployDirectory 웹 애플리케이션 디렉토리 [D:\Java202207\apache-tomcat-9.0.67\webapps\host-manager]을(를) 배치합니다.
30-Oct-2022 10:27:00.733 INFO [main] org.apache.catalina.startup.HostConfig.deployDirectory 웹 애플리케이션 디렉토리 [D:\Java202207\apache-tomcat-9.0.67\webapps\host-manager]에 대한 배치가 [39] 밀리초에 완료되었습니다.
30-Oct-2022 10:27:00.737 INFO [main] org.apache.catalina.startup.HostConfig.deployDirectory 웹 애플리케이션 디렉토리 [D:\Java202207\apache-tomcat-9.0.67\webapps\manager]을(를) 배치합니다.
30-Oct-2022 10:27:00.763 INFO [main] org.apache.catalina.startup.HostConfig.deployDirectory 웹 애플리케이션 디렉토리 [D:\Java202207\apache-tomcat-9.0.67\webapps\manager]에 대한 배치가 [26] 밀리초에 완료되었습니다.
30-Oct-2022 10:27:00.766 INFO [main] org.apache.catalina.startup.HostConfig.deployDirectory 웹 애플리케이션 디렉토리 [D:\Java202207\apache-tomcat-9.0.67\webapps\ROOT]을(를) 배치합니다.
30-Oct-2022 10:27:00.786 INFO [main] org.apache.catalina.startup.HostConfig.deployDirectory 웹 애플리케이션 디렉토리 [D:\Java202207\apache-tomcat-9.0.67\webapps\ROOT]에 대한 배치가 [19] 밀리초에 완료되었습니다.
30-Oct-2022 10:27:00.797 INFO [main] org.apache.coyote.AbstractProtocol.start 프로토콜 핸들러 ["http-nio-0.0.0.0-9090"]을(를) 시작합니다.
30-Oct-2022 10:27:00.860 INFO [main] org.apache.catalina.startup.Catalina.start 서버가 [1012] 밀리초 내에 시작되었습니다.
