15-Oct-2022 08:53:23.365 INFO [main] org.apache.catalina.startup.VersionLoggerListener.log 서버 버전 이름:    Apache Tomcat/9.0.67
15-Oct-2022 08:53:23.374 INFO [main] org.apache.catalina.startup.VersionLoggerListener.log Server 빌드 시각:  Sep 23 2022 11:22:29 UTC
15-Oct-2022 08:53:23.377 INFO [main] org.apache.catalina.startup.VersionLoggerListener.log Server 버전 번호:  9.0.67.0
15-Oct-2022 08:53:23.377 INFO [main] org.apache.catalina.startup.VersionLoggerListener.log 운영체제 이름:     Windows 11
15-Oct-2022 08:53:23.378 INFO [main] org.apache.catalina.startup.VersionLoggerListener.log 운영체제 버전:     10.0
15-Oct-2022 08:53:23.378 INFO [main] org.apache.catalina.startup.VersionLoggerListener.log 아키텍처:          amd64
15-Oct-2022 08:53:23.378 INFO [main] org.apache.catalina.startup.VersionLoggerListener.log 자바 홈:           C:\Program Files\Java\jdk-17.0.4.1
15-Oct-2022 08:53:23.378 INFO [main] org.apache.catalina.startup.VersionLoggerListener.log JVM 버전:          17.0.4.1+1-LTS-2
15-Oct-2022 08:53:23.378 INFO [main] org.apache.catalina.startup.VersionLoggerListener.log JVM 벤더:          Oracle Corporation
15-Oct-2022 08:53:23.378 INFO [main] org.apache.catalina.startup.VersionLoggerListener.log CATALINA_BASE:     D:\Java202207\apache-tomcat-9.0.67
15-Oct-2022 08:53:23.380 INFO [main] org.apache.catalina.startup.VersionLoggerListener.log CATALINA_HOME:     D:\Java202207\apache-tomcat-9.0.67
15-Oct-2022 08:53:23.384 INFO [main] org.apache.catalina.startup.VersionLoggerListener.log 명령 행 아규먼트:  --add-opens=java.base/java.lang=ALL-UNNAMED
15-Oct-2022 08:53:23.384 INFO [main] org.apache.catalina.startup.VersionLoggerListener.log 명령 행 아규먼트:  --add-opens=java.base/java.io=ALL-UNNAMED
15-Oct-2022 08:53:23.384 INFO [main] org.apache.catalina.startup.VersionLoggerListener.log 명령 행 아규먼트:  --add-opens=java.base/java.util=ALL-UNNAMED
15-Oct-2022 08:53:23.397 INFO [main] org.apache.catalina.startup.VersionLoggerListener.log 명령 행 아규먼트:  --add-opens=java.base/java.util.concurrent=ALL-UNNAMED
15-Oct-2022 08:53:23.399 INFO [main] org.apache.catalina.startup.VersionLoggerListener.log 명령 행 아규먼트:  --add-opens=java.rmi/sun.rmi.transport=ALL-UNNAMED
15-Oct-2022 08:53:23.399 INFO [main] org.apache.catalina.startup.VersionLoggerListener.log 명령 행 아규먼트:  -Djava.util.logging.config.file=D:\Java202207\apache-tomcat-9.0.67\conf\logging.properties
15-Oct-2022 08:53:23.399 INFO [main] org.apache.catalina.startup.VersionLoggerListener.log 명령 행 아규먼트:  -Djava.util.logging.manager=org.apache.juli.ClassLoaderLogManager
15-Oct-2022 08:53:23.399 INFO [main] org.apache.catalina.startup.VersionLoggerListener.log 명령 행 아규먼트:  -Djdk.tls.ephemeralDHKeySize=2048
15-Oct-2022 08:53:23.403 INFO [main] org.apache.catalina.startup.VersionLoggerListener.log 명령 행 아규먼트:  -Djava.protocol.handler.pkgs=org.apache.catalina.webresources
15-Oct-2022 08:53:23.403 INFO [main] org.apache.catalina.startup.VersionLoggerListener.log 명령 행 아규먼트:  -Dignore.endorsed.dirs=
15-Oct-2022 08:53:23.403 INFO [main] org.apache.catalina.startup.VersionLoggerListener.log 명령 행 아규먼트:  -Dcatalina.base=D:\Java202207\apache-tomcat-9.0.67
15-Oct-2022 08:53:23.407 INFO [main] org.apache.catalina.startup.VersionLoggerListener.log 명령 행 아규먼트:  -Dcatalina.home=D:\Java202207\apache-tomcat-9.0.67
15-Oct-2022 08:53:23.407 INFO [main] org.apache.catalina.startup.VersionLoggerListener.log 명령 행 아규먼트:  -Djava.io.tmpdir=D:\Java202207\apache-tomcat-9.0.67\temp
15-Oct-2022 08:53:23.451 INFO [main] org.apache.catalina.core.AprLifecycleListener.lifecycleEvent APR 버전 [1.7.0]을(를) 사용한, APR 기반 Apache Tomcat Native 라이브러리 [1.2.35]을(를) 로드했습니다.
15-Oct-2022 08:53:23.463 INFO [main] org.apache.catalina.core.AprLifecycleListener.lifecycleEvent APR 용량정보들: IPv6 [true], sendfile [true], accept filters [false], random [true], UDS [true].
15-Oct-2022 08:53:23.463 INFO [main] org.apache.catalina.core.AprLifecycleListener.lifecycleEvent APR/OpenSSL 설정: useAprConnector [false], useOpenSSL [true]
15-Oct-2022 08:53:23.471 INFO [main] org.apache.catalina.core.AprLifecycleListener.initializeSSL OpenSSL이 성공적으로 초기화되었습니다: [OpenSSL 1.1.1q  5 Jul 2022]
15-Oct-2022 08:53:23.705 INFO [main] org.apache.coyote.AbstractProtocol.init 프로토콜 핸들러 ["http-nio-0.0.0.0-9090"]을(를) 초기화합니다.
15-Oct-2022 08:53:23.733 INFO [main] org.apache.catalina.startup.Catalina.load [628] 밀리초 내에 서버가 초기화되었습니다.
15-Oct-2022 08:53:23.805 INFO [main] org.apache.catalina.core.StandardService.startInternal 서비스 [Catalina]을(를) 시작합니다.
15-Oct-2022 08:53:23.809 INFO [main] org.apache.catalina.core.StandardEngine.startInternal 서버 엔진을 시작합니다: [Apache Tomcat/9.0.67]
15-Oct-2022 08:53:23.821 INFO [main] org.apache.catalina.startup.HostConfig.deployDirectory 웹 애플리케이션 디렉토리 [D:\Java202207\apache-tomcat-9.0.67\webapps\docs]을(를) 배치합니다.
15-Oct-2022 08:53:24.253 INFO [main] org.apache.catalina.startup.HostConfig.deployDirectory 웹 애플리케이션 디렉토리 [D:\Java202207\apache-tomcat-9.0.67\webapps\docs]에 대한 배치가 [428] 밀리초에 완료되었습니다.
15-Oct-2022 08:53:24.253 INFO [main] org.apache.catalina.startup.HostConfig.deployDirectory 웹 애플리케이션 디렉토리 [D:\Java202207\apache-tomcat-9.0.67\webapps\examples]을(를) 배치합니다.
15-Oct-2022 08:53:24.544 INFO [main] org.apache.catalina.startup.HostConfig.deployDirectory 웹 애플리케이션 디렉토리 [D:\Java202207\apache-tomcat-9.0.67\webapps\examples]에 대한 배치가 [291] 밀리초에 완료되었습니다.
15-Oct-2022 08:53:24.548 INFO [main] org.apache.catalina.startup.HostConfig.deployDirectory 웹 애플리케이션 디렉토리 [D:\Java202207\apache-tomcat-9.0.67\webapps\host-manager]을(를) 배치합니다.
15-Oct-2022 08:53:24.583 INFO [main] org.apache.catalina.startup.HostConfig.deployDirectory 웹 애플리케이션 디렉토리 [D:\Java202207\apache-tomcat-9.0.67\webapps\host-manager]에 대한 배치가 [35] 밀리초에 완료되었습니다.
15-Oct-2022 08:53:24.587 INFO [main] org.apache.catalina.startup.HostConfig.deployDirectory 웹 애플리케이션 디렉토리 [D:\Java202207\apache-tomcat-9.0.67\webapps\manager]을(를) 배치합니다.
15-Oct-2022 08:53:24.620 INFO [main] org.apache.catalina.startup.HostConfig.deployDirectory 웹 애플리케이션 디렉토리 [D:\Java202207\apache-tomcat-9.0.67\webapps\manager]에 대한 배치가 [36] 밀리초에 완료되었습니다.
15-Oct-2022 08:53:24.621 INFO [main] org.apache.catalina.startup.HostConfig.deployDirectory 웹 애플리케이션 디렉토리 [D:\Java202207\apache-tomcat-9.0.67\webapps\ROOT]을(를) 배치합니다.
15-Oct-2022 08:53:24.640 INFO [main] org.apache.catalina.startup.HostConfig.deployDirectory 웹 애플리케이션 디렉토리 [D:\Java202207\apache-tomcat-9.0.67\webapps\ROOT]에 대한 배치가 [19] 밀리초에 완료되었습니다.
15-Oct-2022 08:53:24.648 INFO [main] org.apache.coyote.AbstractProtocol.start 프로토콜 핸들러 ["http-nio-0.0.0.0-9090"]을(를) 시작합니다.
15-Oct-2022 08:53:24.711 INFO [main] org.apache.catalina.startup.Catalina.start 서버가 [976] 밀리초 내에 시작되었습니다.
