13-Oct-2022 05:23:54.971 INFO [main] org.apache.catalina.startup.VersionLoggerListener.log 서버 버전 이름:    Apache Tomcat/9.0.68
13-Oct-2022 05:23:54.993 INFO [main] org.apache.catalina.startup.VersionLoggerListener.log Server 빌드 시각:  Oct 3 2022 19:06:10 UTC
13-Oct-2022 05:23:54.993 INFO [main] org.apache.catalina.startup.VersionLoggerListener.log Server 버전 번호:  9.0.68.0
13-Oct-2022 05:23:54.994 INFO [main] org.apache.catalina.startup.VersionLoggerListener.log 운영체제 이름:     Windows 11
13-Oct-2022 05:23:54.994 INFO [main] org.apache.catalina.startup.VersionLoggerListener.log 운영체제 버전:     10.0
13-Oct-2022 05:23:54.994 INFO [main] org.apache.catalina.startup.VersionLoggerListener.log 아키텍처:          amd64
13-Oct-2022 05:23:54.994 INFO [main] org.apache.catalina.startup.VersionLoggerListener.log 자바 홈:           C:\Program Files\Java\jdk-17.0.4.1
13-Oct-2022 05:23:54.994 INFO [main] org.apache.catalina.startup.VersionLoggerListener.log JVM 버전:          17.0.4.1+1-LTS-2
13-Oct-2022 05:23:54.994 INFO [main] org.apache.catalina.startup.VersionLoggerListener.log JVM 벤더:          Oracle Corporation
13-Oct-2022 05:23:54.995 INFO [main] org.apache.catalina.startup.VersionLoggerListener.log CATALINA_BASE:     D:\Java202207\apache-tomcat-9.0.68
13-Oct-2022 05:23:54.995 INFO [main] org.apache.catalina.startup.VersionLoggerListener.log CATALINA_HOME:     D:\Java202207\apache-tomcat-9.0.68
13-Oct-2022 05:23:54.995 INFO [main] org.apache.catalina.startup.VersionLoggerListener.log 명령 행 아규먼트:  --add-opens=java.base/java.lang=ALL-UNNAMED
13-Oct-2022 05:23:54.995 INFO [main] org.apache.catalina.startup.VersionLoggerListener.log 명령 행 아규먼트:  --add-opens=java.base/java.io=ALL-UNNAMED
13-Oct-2022 05:23:54.997 INFO [main] org.apache.catalina.startup.VersionLoggerListener.log 명령 행 아규먼트:  --add-opens=java.base/java.util=ALL-UNNAMED
13-Oct-2022 05:23:54.997 INFO [main] org.apache.catalina.startup.VersionLoggerListener.log 명령 행 아규먼트:  --add-opens=java.base/java.util.concurrent=ALL-UNNAMED
13-Oct-2022 05:23:54.998 INFO [main] org.apache.catalina.startup.VersionLoggerListener.log 명령 행 아규먼트:  --add-opens=java.rmi/sun.rmi.transport=ALL-UNNAMED
13-Oct-2022 05:23:54.999 INFO [main] org.apache.catalina.startup.VersionLoggerListener.log 명령 행 아규먼트:  -Djava.util.logging.config.file=D:\Java202207\apache-tomcat-9.0.68\conf\logging.properties
13-Oct-2022 05:23:55.000 INFO [main] org.apache.catalina.startup.VersionLoggerListener.log 명령 행 아규먼트:  -Djava.util.logging.manager=org.apache.juli.ClassLoaderLogManager
13-Oct-2022 05:23:55.001 INFO [main] org.apache.catalina.startup.VersionLoggerListener.log 명령 행 아규먼트:  -Djdk.tls.ephemeralDHKeySize=2048
13-Oct-2022 05:23:55.002 INFO [main] org.apache.catalina.startup.VersionLoggerListener.log 명령 행 아규먼트:  -Djava.protocol.handler.pkgs=org.apache.catalina.webresources
13-Oct-2022 05:23:55.002 INFO [main] org.apache.catalina.startup.VersionLoggerListener.log 명령 행 아규먼트:  -Dignore.endorsed.dirs=
13-Oct-2022 05:23:55.003 INFO [main] org.apache.catalina.startup.VersionLoggerListener.log 명령 행 아규먼트:  -Dcatalina.base=D:\Java202207\apache-tomcat-9.0.68
13-Oct-2022 05:23:55.004 INFO [main] org.apache.catalina.startup.VersionLoggerListener.log 명령 행 아규먼트:  -Dcatalina.home=D:\Java202207\apache-tomcat-9.0.68
13-Oct-2022 05:23:55.005 INFO [main] org.apache.catalina.startup.VersionLoggerListener.log 명령 행 아규먼트:  -Djava.io.tmpdir=D:\Java202207\apache-tomcat-9.0.68\temp
13-Oct-2022 05:23:55.012 INFO [main] org.apache.catalina.core.AprLifecycleListener.lifecycleEvent 프로덕션 환경들에서 최적의 성능을 제공하는, APR 기반 Apache Tomcat Native 라이브러리가, 다음 java.library.path에서 발견되지 않습니다: [C:\Program Files\Java\jdk-17.0.4.1\bin;C:\WINDOWS\Sun\Java\bin;C:\WINDOWS\system32;C:\WINDOWS;C:\Program Files (x86)\VMware\VMware Workstation\bin\;C:\Program Files\Common Files\Oracle\Java\javapath;C:\oraclexe\app\oracle\product\11.2.0\server\bin;C:\app\Admin\product\18.0.0\dbhomeXE\bin;C:\WINDOWS\system32;C:\WINDOWS;C:\WINDOWS\System32\Wbem;C:\WINDOWS\System32\WindowsPowerShell\v1.0\;C:\WINDOWS\System32\OpenSSH\;C:\Program Files\Bandizip\;C:\Program Files\Git\cmd;C:\Program Files\dotnet\;C:\Program Files\Java\jdk-17.0.4.1\bin;C:\ProgramData\chocolatey\bin;C:\Program Files\nodejs\;C:\Users\Admin\AppData\Local\Microsoft\WindowsApps;;C:\Users\Admin\AppData\Local\Programs\Microsoft VS Code\bin;C:\Users\Admin\AppData\Roaming\npm;C:\Program Files\JetBrains\IntelliJ IDEA Community Edition 2022.2.3\bin;;C:\Program Files\JetBrains\IntelliJ IDEA 2022.2\bin;;.]
13-Oct-2022 05:23:55.245 INFO [main] org.apache.coyote.AbstractProtocol.init 프로토콜 핸들러 ["http-nio-9090"]을(를) 초기화합니다.
13-Oct-2022 05:23:55.306 INFO [main] org.apache.catalina.startup.Catalina.load [537] 밀리초 내에 서버가 초기화되었습니다.
13-Oct-2022 05:23:55.361 INFO [main] org.apache.catalina.core.StandardService.startInternal 서비스 [Catalina]을(를) 시작합니다.
13-Oct-2022 05:23:55.369 INFO [main] org.apache.catalina.core.StandardEngine.startInternal 서버 엔진을 시작합니다: [Apache Tomcat/9.0.68]
13-Oct-2022 05:23:55.381 INFO [main] org.apache.catalina.startup.HostConfig.deployDirectory 웹 애플리케이션 디렉토리 [D:\Java202207\apache-tomcat-9.0.68\webapps\docs]을(를) 배치합니다.
13-Oct-2022 05:23:55.709 INFO [main] org.apache.catalina.startup.HostConfig.deployDirectory 웹 애플리케이션 디렉토리 [D:\Java202207\apache-tomcat-9.0.68\webapps\docs]에 대한 배치가 [325] 밀리초에 완료되었습니다.
13-Oct-2022 05:23:55.717 INFO [main] org.apache.catalina.startup.HostConfig.deployDirectory 웹 애플리케이션 디렉토리 [D:\Java202207\apache-tomcat-9.0.68\webapps\examples]을(를) 배치합니다.
13-Oct-2022 05:23:55.970 INFO [main] org.apache.catalina.startup.HostConfig.deployDirectory 웹 애플리케이션 디렉토리 [D:\Java202207\apache-tomcat-9.0.68\webapps\examples]에 대한 배치가 [253] 밀리초에 완료되었습니다.
13-Oct-2022 05:23:55.974 INFO [main] org.apache.catalina.startup.HostConfig.deployDirectory 웹 애플리케이션 디렉토리 [D:\Java202207\apache-tomcat-9.0.68\webapps\host-manager]을(를) 배치합니다.
13-Oct-2022 05:23:56.003 INFO [main] org.apache.catalina.startup.HostConfig.deployDirectory 웹 애플리케이션 디렉토리 [D:\Java202207\apache-tomcat-9.0.68\webapps\host-manager]에 대한 배치가 [29] 밀리초에 완료되었습니다.
13-Oct-2022 05:23:56.006 INFO [main] org.apache.catalina.startup.HostConfig.deployDirectory 웹 애플리케이션 디렉토리 [D:\Java202207\apache-tomcat-9.0.68\webapps\manager]을(를) 배치합니다.
13-Oct-2022 05:23:56.027 INFO [main] org.apache.catalina.startup.HostConfig.deployDirectory 웹 애플리케이션 디렉토리 [D:\Java202207\apache-tomcat-9.0.68\webapps\manager]에 대한 배치가 [21] 밀리초에 완료되었습니다.
13-Oct-2022 05:23:56.032 INFO [main] org.apache.catalina.startup.HostConfig.deployDirectory 웹 애플리케이션 디렉토리 [D:\Java202207\apache-tomcat-9.0.68\webapps\ROOT]을(를) 배치합니다.
13-Oct-2022 05:23:56.047 INFO [main] org.apache.catalina.startup.HostConfig.deployDirectory 웹 애플리케이션 디렉토리 [D:\Java202207\apache-tomcat-9.0.68\webapps\ROOT]에 대한 배치가 [15] 밀리초에 완료되었습니다.
13-Oct-2022 05:23:56.055 INFO [main] org.apache.coyote.AbstractProtocol.start 프로토콜 핸들러 ["http-nio-9090"]을(를) 시작합니다.
13-Oct-2022 05:23:56.106 INFO [main] org.apache.catalina.startup.Catalina.start 서버가 [799] 밀리초 내에 시작되었습니다.
13-Oct-2022 05:24:56.095 INFO [main] org.apache.catalina.startup.VersionLoggerListener.log 서버 버전 이름:    Apache Tomcat/9.0.68
13-Oct-2022 05:24:56.101 INFO [main] org.apache.catalina.startup.VersionLoggerListener.log Server 빌드 시각:  Oct 3 2022 19:06:10 UTC
13-Oct-2022 05:24:56.102 INFO [main] org.apache.catalina.startup.VersionLoggerListener.log Server 버전 번호:  9.0.68.0
13-Oct-2022 05:24:56.102 INFO [main] org.apache.catalina.startup.VersionLoggerListener.log 운영체제 이름:     Windows 11
13-Oct-2022 05:24:56.102 INFO [main] org.apache.catalina.startup.VersionLoggerListener.log 운영체제 버전:     10.0
13-Oct-2022 05:24:56.102 INFO [main] org.apache.catalina.startup.VersionLoggerListener.log 아키텍처:          amd64
13-Oct-2022 05:24:56.102 INFO [main] org.apache.catalina.startup.VersionLoggerListener.log 자바 홈:           C:\Program Files\Java\jdk-17.0.4.1
13-Oct-2022 05:24:56.103 INFO [main] org.apache.catalina.startup.VersionLoggerListener.log JVM 버전:          17.0.4.1+1-LTS-2
13-Oct-2022 05:24:56.103 INFO [main] org.apache.catalina.startup.VersionLoggerListener.log JVM 벤더:          Oracle Corporation
13-Oct-2022 05:24:56.103 INFO [main] org.apache.catalina.startup.VersionLoggerListener.log CATALINA_BASE:     D:\Java202207\apache-tomcat-9.0.68
13-Oct-2022 05:24:56.104 INFO [main] org.apache.catalina.startup.VersionLoggerListener.log CATALINA_HOME:     D:\Java202207\apache-tomcat-9.0.68
13-Oct-2022 05:24:56.110 INFO [main] org.apache.catalina.startup.VersionLoggerListener.log 명령 행 아규먼트:  --add-opens=java.base/java.lang=ALL-UNNAMED
13-Oct-2022 05:24:56.111 INFO [main] org.apache.catalina.startup.VersionLoggerListener.log 명령 행 아규먼트:  --add-opens=java.base/java.io=ALL-UNNAMED
13-Oct-2022 05:24:56.113 INFO [main] org.apache.catalina.startup.VersionLoggerListener.log 명령 행 아규먼트:  --add-opens=java.base/java.util=ALL-UNNAMED
13-Oct-2022 05:24:56.114 INFO [main] org.apache.catalina.startup.VersionLoggerListener.log 명령 행 아규먼트:  --add-opens=java.base/java.util.concurrent=ALL-UNNAMED
13-Oct-2022 05:24:56.115 INFO [main] org.apache.catalina.startup.VersionLoggerListener.log 명령 행 아규먼트:  --add-opens=java.rmi/sun.rmi.transport=ALL-UNNAMED
13-Oct-2022 05:24:56.140 INFO [main] org.apache.catalina.startup.VersionLoggerListener.log 명령 행 아규먼트:  -Djava.util.logging.config.file=D:\Java202207\apache-tomcat-9.0.68\conf\logging.properties
13-Oct-2022 05:24:56.143 INFO [main] org.apache.catalina.startup.VersionLoggerListener.log 명령 행 아규먼트:  -Djava.util.logging.manager=org.apache.juli.ClassLoaderLogManager
13-Oct-2022 05:24:56.144 INFO [main] org.apache.catalina.startup.VersionLoggerListener.log 명령 행 아규먼트:  -Djdk.tls.ephemeralDHKeySize=2048
13-Oct-2022 05:24:56.144 INFO [main] org.apache.catalina.startup.VersionLoggerListener.log 명령 행 아규먼트:  -Djava.protocol.handler.pkgs=org.apache.catalina.webresources
13-Oct-2022 05:24:56.145 INFO [main] org.apache.catalina.startup.VersionLoggerListener.log 명령 행 아규먼트:  -Dignore.endorsed.dirs=
13-Oct-2022 05:24:56.146 INFO [main] org.apache.catalina.startup.VersionLoggerListener.log 명령 행 아규먼트:  -Dcatalina.base=D:\Java202207\apache-tomcat-9.0.68
13-Oct-2022 05:24:56.147 INFO [main] org.apache.catalina.startup.VersionLoggerListener.log 명령 행 아규먼트:  -Dcatalina.home=D:\Java202207\apache-tomcat-9.0.68
13-Oct-2022 05:24:56.148 INFO [main] org.apache.catalina.startup.VersionLoggerListener.log 명령 행 아규먼트:  -Djava.io.tmpdir=D:\Java202207\apache-tomcat-9.0.68\temp
13-Oct-2022 05:24:56.152 INFO [main] org.apache.catalina.core.AprLifecycleListener.lifecycleEvent 프로덕션 환경들에서 최적의 성능을 제공하는, APR 기반 Apache Tomcat Native 라이브러리가, 다음 java.library.path에서 발견되지 않습니다: [C:\Program Files\Java\jdk-17.0.4.1\bin;C:\WINDOWS\Sun\Java\bin;C:\WINDOWS\system32;C:\WINDOWS;C:\Program Files (x86)\VMware\VMware Workstation\bin\;C:\Program Files\Common Files\Oracle\Java\javapath;C:\oraclexe\app\oracle\product\11.2.0\server\bin;C:\app\Admin\product\18.0.0\dbhomeXE\bin;C:\WINDOWS\system32;C:\WINDOWS;C:\WINDOWS\System32\Wbem;C:\WINDOWS\System32\WindowsPowerShell\v1.0\;C:\WINDOWS\System32\OpenSSH\;C:\Program Files\Bandizip\;C:\Program Files\Git\cmd;C:\Program Files\dotnet\;C:\Program Files\Java\jdk-17.0.4.1\bin;C:\ProgramData\chocolatey\bin;C:\Program Files\nodejs\;C:\Users\Admin\AppData\Local\Microsoft\WindowsApps;;C:\Users\Admin\AppData\Local\Programs\Microsoft VS Code\bin;C:\Users\Admin\AppData\Roaming\npm;C:\Program Files\JetBrains\IntelliJ IDEA Community Edition 2022.2.3\bin;;C:\Program Files\JetBrains\IntelliJ IDEA 2022.2\bin;;.]
13-Oct-2022 05:24:56.373 INFO [main] org.apache.coyote.AbstractProtocol.init 프로토콜 핸들러 ["http-nio-9090"]을(를) 초기화합니다.
13-Oct-2022 05:24:56.403 INFO [main] org.apache.catalina.startup.Catalina.load [492] 밀리초 내에 서버가 초기화되었습니다.
13-Oct-2022 05:24:56.450 INFO [main] org.apache.catalina.core.StandardService.startInternal 서비스 [Catalina]을(를) 시작합니다.
13-Oct-2022 05:24:56.456 INFO [main] org.apache.catalina.core.StandardEngine.startInternal 서버 엔진을 시작합니다: [Apache Tomcat/9.0.68]
13-Oct-2022 05:24:56.467 INFO [main] org.apache.catalina.startup.HostConfig.deployDirectory 웹 애플리케이션 디렉토리 [D:\Java202207\apache-tomcat-9.0.68\webapps\docs]을(를) 배치합니다.
13-Oct-2022 05:24:56.804 INFO [main] org.apache.catalina.startup.HostConfig.deployDirectory 웹 애플리케이션 디렉토리 [D:\Java202207\apache-tomcat-9.0.68\webapps\docs]에 대한 배치가 [335] 밀리초에 완료되었습니다.
13-Oct-2022 05:24:56.810 INFO [main] org.apache.catalina.startup.HostConfig.deployDirectory 웹 애플리케이션 디렉토리 [D:\Java202207\apache-tomcat-9.0.68\webapps\examples]을(를) 배치합니다.
13-Oct-2022 05:24:57.075 INFO [main] org.apache.catalina.startup.HostConfig.deployDirectory 웹 애플리케이션 디렉토리 [D:\Java202207\apache-tomcat-9.0.68\webapps\examples]에 대한 배치가 [265] 밀리초에 완료되었습니다.
13-Oct-2022 05:24:57.078 INFO [main] org.apache.catalina.startup.HostConfig.deployDirectory 웹 애플리케이션 디렉토리 [D:\Java202207\apache-tomcat-9.0.68\webapps\host-manager]을(를) 배치합니다.
13-Oct-2022 05:24:57.118 INFO [main] org.apache.catalina.startup.HostConfig.deployDirectory 웹 애플리케이션 디렉토리 [D:\Java202207\apache-tomcat-9.0.68\webapps\host-manager]에 대한 배치가 [40] 밀리초에 완료되었습니다.
13-Oct-2022 05:24:57.123 INFO [main] org.apache.catalina.startup.HostConfig.deployDirectory 웹 애플리케이션 디렉토리 [D:\Java202207\apache-tomcat-9.0.68\webapps\manager]을(를) 배치합니다.
13-Oct-2022 05:24:57.148 INFO [main] org.apache.catalina.startup.HostConfig.deployDirectory 웹 애플리케이션 디렉토리 [D:\Java202207\apache-tomcat-9.0.68\webapps\manager]에 대한 배치가 [24] 밀리초에 완료되었습니다.
13-Oct-2022 05:24:57.149 INFO [main] org.apache.catalina.startup.HostConfig.deployDirectory 웹 애플리케이션 디렉토리 [D:\Java202207\apache-tomcat-9.0.68\webapps\ROOT]을(를) 배치합니다.
13-Oct-2022 05:24:57.168 INFO [main] org.apache.catalina.startup.HostConfig.deployDirectory 웹 애플리케이션 디렉토리 [D:\Java202207\apache-tomcat-9.0.68\webapps\ROOT]에 대한 배치가 [20] 밀리초에 완료되었습니다.
13-Oct-2022 05:24:57.175 INFO [main] org.apache.coyote.AbstractProtocol.start 프로토콜 핸들러 ["http-nio-9090"]을(를) 시작합니다.
13-Oct-2022 05:24:57.227 INFO [main] org.apache.catalina.startup.Catalina.start 서버가 [819] 밀리초 내에 시작되었습니다.
